path
/lustre/scratch109/malaria/WillH_1/output/c/3/6/4/592517/1_bam_merge_v2/pe.1.bam
/lustre/scratch109/malaria/WillH_1/output/b/5/0/3/592518/1_bam_merge_v2/pe.1.bam
/lustre/scratch109/malaria/WillH_1/output/b/7/9/e/592519/1_bam_merge_v2/pe.1.bam
/lustre/scratch109/malaria/WillH_1/output/8/e/7/d/592520/1_bam_merge_v2/pe.1.bam
/lustre/scratch109/malaria/WillH_1/output/4/3/c/d/592521/1_bam_merge_v2/pe.1.bam
/lustre/scratch109/malaria/WillH_1/output/9/c/8/9/592522/1_bam_merge_v2/pe.1.bam
/lustre/scratch109/malaria/WillH_1/output/9/6/0/6/592523/1_bam_merge_v2/pe.1.bam
/lustre/scratch109/malaria/WillH_1/output/6/8/f/b/592524/1_bam_merge_v2/pe.1.bam
/lustre/scratch109/malaria/WillH_1/output/3/c/6/8/592525/1_bam_merge_v2/pe.1.bam
/lustre/scratch109/malaria/WillH_1/output/9/3/4/c/592526/1_bam_merge_v2/pe.1.bam
/lustre/scratch109/malaria/WillH_1/output/0/2/2/4/592527/1_bam_merge_v2/pe.1.bam
/lustre/scratch109/malaria/WillH_1/output/5/4/1/2/592528/1_bam_merge_v2/pe.1.bam
/lustre/scratch109/malaria/WillH_1/output/6/4/8/3/592529/1_bam_merge_v2/pe.1.bam
/lustre/scratch109/malaria/WillH_1/output/d/3/b/d/592530/1_bam_merge_v2/pe.1.bam
/lustre/scratch109/malaria/WillH_1/output/9/1/4/f/592531/1_bam_merge_v2/pe.1.bam
/lustre/scratch109/malaria/WillH_1/output/7/b/a/2/592532/1_bam_merge_v2/pe.1.bam
/lustre/scratch109/malaria/WillH_1/output/8/9/e/1/592533/1_bam_merge_v2/pe.1.bam
/lustre/scratch109/malaria/WillH_1/output/e/f/2/6/592534/1_bam_merge_v2/pe.1.bam
/lustre/scratch109/malaria/WillH_1/output/e/c/f/b/592535/1_bam_merge_v2/pe.1.bam
/lustre/scratch109/malaria/WillH_1/output/c/8/3/8/592536/1_bam_merge_v2/pe.1.bam
/lustre/scratch109/malaria/WillH_1/output/5/f/7/5/592537/1_bam_merge_v2/pe.1.bam
/lustre/scratch109/malaria/WillH_1/output/c/3/a/f/592538/1_bam_merge_v2/pe.1.bam
/lustre/scratch109/malaria/WillH_1/output/c/4/8/7/592539/1_bam_merge_v2/pe.1.bam
/lustre/scratch109/malaria/WillH_1/output/5/a/e/2/592540/1_bam_merge_v2/pe.1.bam
/lustre/scratch109/malaria/WillH_1/output/b/f/1/6/592541/1_bam_merge_v2/pe.1.bam
/lustre/scratch109/malaria/WillH_1/output/0/1/1/0/592542/1_bam_merge_v2/pe.1.bam
/lustre/scratch109/malaria/WillH_1/output/e/7/8/b/592543/1_bam_merge_v2/pe.1.bam
/lustre/scratch109/malaria/WillH_1/output/9/3/0/8/592544/1_bam_merge_v2/pe.1.bam
/lustre/scratch109/malaria/WillH_1/output/f/a/b/d/592545/1_bam_merge_v2/pe.1.bam
/lustre/scratch109/malaria/WillH_1/output/1/5/b/a/592546/1_bam_merge_v2/pe.1.bam
/lustre/scratch109/malaria/WillH_1/output/0/3/0/3/592547/1_bam_merge_v2/pe.1.bam
/lustre/scratch109/malaria/WillH_1/output/e/2/c/b/592548/1_bam_merge_v2/pe.1.bam
/lustre/scratch109/malaria/WillH_1/output/b/6/4/e/592549/1_bam_merge_v2/pe.1.bam
/lustre/scratch109/malaria/WillH_1/output/2/0/e/a/592550/1_bam_merge_v2/pe.1.bam
/lustre/scratch109/malaria/WillH_1/output/d/0/7/7/592551/1_bam_merge_v2/pe.1.bam
/lustre/scratch109/malaria/WillH_1/output/6/0/7/f/592552/1_bam_merge_v2/pe.1.bam
/lustre/scratch109/malaria/WillH_1/output/5/d/d/5/592553/1_bam_merge_v2/pe.1.bam
/lustre/scratch109/malaria/WillH_1/output/e/a/4/9/592554/1_bam_merge_v2/pe.1.bam
/lustre/scratch109/malaria/WillH_1/output/7/f/1/5/592555/1_bam_merge_v2/pe.1.bam
/lustre/scratch109/malaria/WillH_1/output/7/5/7/a/592556/1_bam_merge_v2/pe.1.bam
/lustre/scratch109/malaria/WillH_1/output/e/e/d/7/592557/1_bam_merge_v2/pe.1.bam
/lustre/scratch109/malaria/WillH_1/output/e/c/8/a/592558/1_bam_merge_v2/pe.1.bam
/lustre/scratch109/malaria/WillH_1/output/b/5/2/4/592559/1_bam_merge_v2/pe.1.bam
/lustre/scratch109/malaria/WillH_1/output/2/e/8/e/592560/1_bam_merge_v2/pe.1.bam
/lustre/scratch109/malaria/WillH_1/output/1/1/f/a/592561/1_bam_merge_v2/pe.1.bam
/lustre/scratch109/malaria/WillH_1/output/4/b/9/e/592562/1_bam_merge_v2/pe.1.bam
/lustre/scratch109/malaria/WillH_1/output/7/5/2/3/592563/1_bam_merge_v2/pe.1.bam
/lustre/scratch109/malaria/WillH_1/output/f/8/0/2/592564/1_bam_merge_v2/pe.1.bam
/lustre/scratch109/malaria/WillH_1/output/6/0/9/b/592565/1_bam_merge_v2/pe.1.bam
/lustre/scratch109/malaria/WillH_1/output/d/f/d/f/592566/1_bam_merge_v2/pe.1.bam
/lustre/scratch109/malaria/WillH_1/output/8/b/9/2/592567/1_bam_merge_v2/pe.1.bam
/lustre/scratch109/malaria/WillH_1/output/b/f/8/1/592568/1_bam_merge_v2/pe.1.bam
/lustre/scratch109/malaria/WillH_1/output/2/a/2/4/592569/1_bam_merge_v2/pe.1.bam
/lustre/scratch109/malaria/WillH_1/output/9/6/8/f/592570/1_bam_merge_v2/pe.1.bam
/lustre/scratch109/malaria/WillH_1/output/8/a/1/d/592571/1_bam_merge_v2/pe.1.bam
/lustre/scratch109/malaria/WillH_1/output/1/b/5/2/592572/1_bam_merge_v2/pe.1.bam
/lustre/scratch109/malaria/WillH_1/output/7/1/4/3/592573/1_bam_merge_v2/pe.1.bam
/lustre/scratch109/malaria/WillH_1/output/f/b/d/9/592574/1_bam_merge_v2/pe.1.bam
/lustre/scratch109/malaria/WillH_1/output/d/3/7/d/592575/1_bam_merge_v2/pe.1.bam
/lustre/scratch109/malaria/WillH_1/output/1/4/f/d/592576/1_bam_merge_v2/pe.1.bam
/lustre/scratch109/malaria/WillH_1/output/f/f/c/6/592577/1_bam_merge_v2/pe.1.bam
/lustre/scratch109/malaria/WillH_1/output/2/5/e/9/592578/1_bam_merge_v2/pe.1.bam
/lustre/scratch109/malaria/WillH_1/output/9/b/a/7/592579/1_bam_merge_v2/pe.1.bam
/lustre/scratch109/malaria/WillH_1/output/8/a/d/4/592580/1_bam_merge_v2/pe.1.bam
/lustre/scratch109/malaria/WillH_1/output/3/2/c/e/592581/1_bam_merge_v2/pe.1.bam
/lustre/scratch109/malaria/WillH_1/output/4/9/d/8/592582/1_bam_merge_v2/pe.1.bam
/lustre/scratch109/malaria/WillH_1/output/8/6/6/f/592583/1_bam_merge_v2/pe.1.bam
/lustre/scratch109/malaria/WillH_1/output/f/5/8/3/592584/1_bam_merge_v2/pe.1.bam
/lustre/scratch109/malaria/WillH_1/output/4/3/4/0/592585/1_bam_merge_v2/pe.1.bam
/lustre/scratch109/malaria/WillH_1/output/b/d/f/8/592586/1_bam_merge_v2/pe.1.bam
/lustre/scratch109/malaria/WillH_1/output/2/4/8/e/592587/1_bam_merge_v2/pe.1.bam
/lustre/scratch109/malaria/WillH_1/output/5/d/c/5/592588/1_bam_merge_v2/pe.1.bam
/lustre/scratch109/malaria/WillH_1/output/8/5/e/e/592589/1_bam_merge_v2/pe.1.bam
/lustre/scratch109/malaria/WillH_1/output/d/5/5/8/592590/1_bam_merge_v2/pe.1.bam
/lustre/scratch109/malaria/WillH_1/output/5/7/a/d/592591/1_bam_merge_v2/pe.1.bam
/lustre/scratch109/malaria/WillH_1/output/6/4/5/d/592592/1_bam_merge_v2/pe.1.bam
/lustre/scratch109/malaria/WillH_1/output/d/4/a/0/592593/1_bam_merge_v2/pe.1.bam
/lustre/scratch109/malaria/WillH_1/output/4/2/f/e/592594/1_bam_merge_v2/pe.1.bam
/lustre/scratch109/malaria/WillH_1/output/6/9/f/4/592595/1_bam_merge_v2/pe.1.bam
/lustre/scratch109/malaria/WillH_1/output/c/5/e/e/592596/1_bam_merge_v2/pe.1.bam
/lustre/scratch109/malaria/WillH_1/output/8/3/e/2/592597/1_bam_merge_v2/pe.1.bam
/lustre/scratch109/malaria/WillH_1/output/1/2/2/0/592598/1_bam_merge_v2/pe.1.bam
/lustre/scratch109/malaria/WillH_1/output/6/3/0/8/592599/1_bam_merge_v2/pe.1.bam
/lustre/scratch109/malaria/WillH_1/output/8/a/6/b/592600/1_bam_merge_v2/pe.1.bam
/lustre/scratch109/malaria/WillH_1/output/0/0/9/a/592601/1_bam_merge_v2/pe.1.bam
/lustre/scratch109/malaria/WillH_1/output/4/3/8/b/592602/1_bam_merge_v2/pe.1.bam
/lustre/scratch109/malaria/WillH_1/output/7/8/7/0/592603/1_bam_merge_v2/pe.1.bam
/lustre/scratch109/malaria/WillH_1/output/2/6/2/c/592604/1_bam_merge_v2/pe.1.bam
/lustre/scratch109/malaria/WillH_1/output/0/0/d/c/592605/1_bam_merge_v2/pe.1.bam
/lustre/scratch109/malaria/WillH_1/output/1/2/e/7/592606/1_bam_merge_v2/pe.1.bam
/lustre/scratch109/malaria/WillH_1/output/c/5/0/4/592607/1_bam_merge_v2/pe.1.bam
/lustre/scratch109/malaria/WillH_1/output/7/0/1/d/592608/1_bam_merge_v2/pe.1.bam
/lustre/scratch109/malaria/WillH_1/output/6/0/9/e/592609/1_bam_merge_v2/pe.1.bam
/lustre/scratch109/malaria/WillH_1/output/4/2/3/6/592610/1_bam_merge_v2/pe.1.bam
/lustre/scratch109/malaria/WillH_1/output/a/6/d/6/592611/1_bam_merge_v2/pe.1.bam
/lustre/scratch109/malaria/WillH_1/output/1/d/6/b/592612/1_bam_merge_v2/pe.1.bam
/lustre/scratch109/malaria/WillH_1/output/9/3/0/5/592613/1_bam_merge_v2/pe.1.bam
/lustre/scratch109/malaria/WillH_1/output/d/6/1/0/592614/1_bam_merge_v2/pe.1.bam
/lustre/scratch109/malaria/WillH_1/output/1/7/0/8/592615/1_bam_merge_v2/pe.1.bam
/lustre/scratch109/malaria/WillH_1/output/9/c/f/c/592616/1_bam_merge_v2/pe.1.bam
/lustre/scratch109/malaria/WillH_1/output/d/d/8/f/592617/1_bam_merge_v2/pe.1.bam
/lustre/scratch109/malaria/WillH_1/output/4/f/3/5/592618/1_bam_merge_v2/pe.1.bam
/lustre/scratch109/malaria/WillH_1/output/e/e/1/0/592619/1_bam_merge_v2/pe.1.bam
/lustre/scratch109/malaria/WillH_1/output/3/6/1/d/592620/1_bam_merge_v2/pe.1.bam
/lustre/scratch109/malaria/WillH_1/output/7/6/9/4/592621/1_bam_merge_v2/pe.1.bam
/lustre/scratch109/malaria/WillH_1/output/a/7/7/1/592622/1_bam_merge_v2/pe.1.bam
/lustre/scratch109/malaria/WillH_1/output/f/9/6/6/592623/1_bam_merge_v2/pe.1.bam
/lustre/scratch109/malaria/WillH_1/output/4/5/f/0/592624/1_bam_merge_v2/pe.1.bam
/lustre/scratch109/malaria/WillH_1/output/d/1/8/e/592625/1_bam_merge_v2/pe.1.bam
/lustre/scratch109/malaria/WillH_1/output/9/7/6/5/592626/1_bam_merge_v2/pe.1.bam
/lustre/scratch109/malaria/WillH_1/output/a/f/c/d/592627/1_bam_merge_v2/pe.1.bam
/lustre/scratch109/malaria/WillH_1/output/e/f/5/0/592628/1_bam_merge_v2/pe.1.bam
/lustre/scratch109/malaria/WillH_1/output/7/2/c/1/592629/1_bam_merge_v2/pe.1.bam
/lustre/scratch109/malaria/WillH_1/output/0/a/4/6/592630/1_bam_merge_v2/pe.1.bam
/lustre/scratch109/malaria/WillH_1/output/8/9/f/6/592631/1_bam_merge_v2/pe.1.bam
/lustre/scratch109/malaria/WillH_1/output/f/f/0/c/592632/1_bam_merge_v2/pe.1.bam
/lustre/scratch109/malaria/WillH_1/output/f/b/d/c/592633/1_bam_merge_v2/pe.1.bam
/lustre/scratch109/malaria/WillH_1/output/7/3/e/6/592634/1_bam_merge_v2/pe.1.bam
/lustre/scratch109/malaria/WillH_1/output/7/a/3/3/592635/1_bam_merge_v2/pe.1.bam
/lustre/scratch109/malaria/WillH_1/output/a/c/2/f/592636/1_bam_merge_v2/pe.1.bam
/lustre/scratch109/malaria/WillH_1/output/2/8/6/f/592637/1_bam_merge_v2/pe.1.bam
/lustre/scratch109/malaria/WillH_1/output/b/a/c/a/592638/1_bam_merge_v2/pe.1.bam
/lustre/scratch109/malaria/WillH_1/output/b/e/c/2/592639/1_bam_merge_v2/pe.1.bam
/lustre/scratch109/malaria/WillH_1/output/0/4/7/a/592640/1_bam_merge_v2/pe.1.bam
/lustre/scratch109/malaria/WillH_1/output/3/6/0/3/592641/1_bam_merge_v2/pe.1.bam
/lustre/scratch109/malaria/WillH_1/output/6/6/5/0/592642/1_bam_merge_v2/pe.1.bam
/lustre/scratch109/malaria/WillH_1/output/e/1/1/c/592643/1_bam_merge_v2/pe.1.bam
/lustre/scratch109/malaria/WillH_1/output/4/5/a/1/592644/1_bam_merge_v2/pe.1.bam
/lustre/scratch109/malaria/WillH_1/output/4/0/d/4/592645/1_bam_merge_v2/pe.1.bam
/lustre/scratch109/malaria/WillH_1/output/a/8/e/b/592646/1_bam_merge_v2/pe.1.bam
/lustre/scratch109/malaria/WillH_1/output/4/8/b/e/592647/1_bam_merge_v2/pe.1.bam
/lustre/scratch109/malaria/WillH_1/output/6/1/e/4/592648/1_bam_merge_v2/pe.1.bam
/lustre/scratch109/malaria/WillH_1/output/0/b/3/a/592649/1_bam_merge_v2/pe.1.bam
/lustre/scratch109/malaria/WillH_1/output/8/e/0/4/592650/1_bam_merge_v2/pe.1.bam
/lustre/scratch109/malaria/WillH_1/output/e/1/a/f/592651/1_bam_merge_v2/pe.1.bam
/lustre/scratch109/malaria/WillH_1/output/f/f/5/1/592652/1_bam_merge_v2/pe.1.bam
/lustre/scratch109/malaria/WillH_1/output/0/7/7/2/592653/1_bam_merge_v2/pe.1.bam
/lustre/scratch109/malaria/WillH_1/output/2/8/7/4/592654/1_bam_merge_v2/pe.1.bam
/lustre/scratch109/malaria/WillH_1/output/2/5/7/a/592655/1_bam_merge_v2/pe.1.bam
/lustre/scratch109/malaria/WillH_1/output/b/f/b/1/592656/1_bam_merge_v2/pe.1.bam
/lustre/scratch109/malaria/WillH_1/output/1/7/0/6/592657/1_bam_merge_v2/pe.1.bam
/lustre/scratch109/malaria/WillH_1/output/c/b/1/0/592658/1_bam_merge_v2/pe.1.bam
/lustre/scratch109/malaria/WillH_1/output/4/a/3/e/592659/1_bam_merge_v2/pe.1.bam
/lustre/scratch109/malaria/WillH_1/output/1/3/4/3/592660/1_bam_merge_v2/pe.1.bam
/lustre/scratch109/malaria/WillH_1/output/c/f/6/4/592661/1_bam_merge_v2/pe.1.bam
/lustre/scratch109/malaria/WillH_1/output/4/1/6/4/592662/1_bam_merge_v2/pe.1.bam
/lustre/scratch109/malaria/WillH_1/output/e/a/f/6/592663/1_bam_merge_v2/pe.1.bam
/lustre/scratch109/malaria/WillH_1/output/4/0/5/8/592664/1_bam_merge_v2/pe.1.bam
/lustre/scratch109/malaria/WillH_1/output/1/4/8/5/592665/1_bam_merge_v2/pe.1.bam
/lustre/scratch109/malaria/WillH_1/output/5/b/0/d/592666/1_bam_merge_v2/pe.1.bam
/lustre/scratch109/malaria/WillH_1/output/3/6/9/5/592667/1_bam_merge_v2/pe.1.bam
/lustre/scratch109/malaria/WillH_1/output/b/5/3/e/592668/1_bam_merge_v2/pe.1.bam
/lustre/scratch109/malaria/WillH_1/output/2/b/d/8/592669/1_bam_merge_v2/pe.1.bam
/lustre/scratch109/malaria/WillH_1/output/d/c/4/f/592670/1_bam_merge_v2/pe.1.bam
/lustre/scratch109/malaria/WillH_1/output/2/d/d/4/592671/1_bam_merge_v2/pe.1.bam
/lustre/scratch109/malaria/WillH_1/output/f/d/a/b/592672/1_bam_merge_v2/pe.1.bam
/lustre/scratch109/malaria/WillH_1/output/1/c/2/b/592673/1_bam_merge_v2/pe.1.bam
/lustre/scratch109/malaria/WillH_1/output/2/1/4/f/592674/1_bam_merge_v2/pe.1.bam
/lustre/scratch109/malaria/WillH_1/output/2/0/9/1/592675/1_bam_merge_v2/pe.1.bam
/lustre/scratch109/malaria/WillH_1/output/d/c/8/b/592676/1_bam_merge_v2/pe.1.bam
/lustre/scratch109/malaria/WillH_1/output/c/5/c/2/592678/1_bam_merge_v2/pe.1.bam
/lustre/scratch109/malaria/WillH_1/output/9/4/a/4/592679/1_bam_merge_v2/pe.1.bam
/lustre/scratch109/malaria/WillH_1/output/d/f/1/0/592677/1_bam_merge_v2/pe.1.bam
/lustre/scratch109/malaria/WillH_1/output/4/2/7/e/592680/1_bam_merge_v2/pe.1.bam
/lustre/scratch109/malaria/WillH_1/output/a/3/4/3/592682/1_bam_merge_v2/pe.1.bam
/lustre/scratch109/malaria/WillH_1/output/a/b/f/7/592681/1_bam_merge_v2/pe.1.bam
/lustre/scratch109/malaria/WillH_1/output/d/a/5/2/592684/1_bam_merge_v2/pe.1.bam
/lustre/scratch109/malaria/WillH_1/output/4/e/0/4/592685/1_bam_merge_v2/pe.1.bam
/lustre/scratch109/malaria/WillH_1/output/2/e/d/b/592683/1_bam_merge_v2/pe.1.bam
/lustre/scratch109/malaria/WillH_1/output/f/d/b/9/592687/1_bam_merge_v2/pe.1.bam
/lustre/scratch109/malaria/WillH_1/output/1/8/7/6/592688/1_bam_merge_v2/pe.1.bam
/lustre/scratch109/malaria/WillH_1/output/3/e/4/a/592686/1_bam_merge_v2/pe.1.bam
/lustre/scratch109/malaria/WillH_1/output/5/6/c/4/592690/1_bam_merge_v2/pe.1.bam
/lustre/scratch109/malaria/WillH_1/output/2/4/b/7/592689/1_bam_merge_v2/pe.1.bam
/lustre/scratch109/malaria/WillH_1/output/a/1/1/b/592691/1_bam_merge_v2/pe.1.bam
/lustre/scratch109/malaria/WillH_1/output/5/4/8/d/592692/1_bam_merge_v2/pe.1.bam
/lustre/scratch109/malaria/WillH_1/output/f/2/8/b/592693/1_bam_merge_v2/pe.1.bam
/lustre/scratch109/malaria/WillH_1/output/f/6/b/6/592694/1_bam_merge_v2/pe.1.bam
/lustre/scratch109/malaria/WillH_1/output/0/5/d/f/592695/1_bam_merge_v2/pe.1.bam
/lustre/scratch109/malaria/WillH_1/output/e/6/0/0/592696/1_bam_merge_v2/pe.1.bam
/lustre/scratch109/malaria/WillH_1/output/a/e/3/9/592697/1_bam_merge_v2/pe.1.bam
/lustre/scratch109/malaria/WillH_1/output/b/0/e/a/592698/1_bam_merge_v2/pe.1.bam
/lustre/scratch109/malaria/WillH_1/output/8/f/6/b/592699/1_bam_merge_v2/pe.1.bam
/lustre/scratch109/malaria/WillH_1/output/3/5/e/0/592700/1_bam_merge_v2/pe.1.bam
/lustre/scratch109/malaria/WillH_1/output/7/9/6/d/592701/1_bam_merge_v2/pe.1.bam
/lustre/scratch109/malaria/WillH_1/output/f/f/d/b/592703/1_bam_merge_v2/pe.1.bam
/lustre/scratch109/malaria/WillH_1/output/7/d/d/2/592702/1_bam_merge_v2/pe.1.bam
/lustre/scratch109/malaria/WillH_1/output/3/e/d/c/592704/1_bam_merge_v2/pe.1.bam
/lustre/scratch109/malaria/WillH_1/output/c/0/e/8/592706/1_bam_merge_v2/pe.1.bam
/lustre/scratch109/malaria/WillH_1/output/8/6/2/0/592705/1_bam_merge_v2/pe.1.bam
/lustre/scratch109/malaria/WillH_1/output/9/e/9/6/592708/1_bam_merge_v2/pe.1.bam
/lustre/scratch109/malaria/WillH_1/output/0/c/1/f/592707/1_bam_merge_v2/pe.1.bam
/lustre/scratch109/malaria/WillH_1/output/4/c/f/b/592710/1_bam_merge_v2/pe.1.bam
/lustre/scratch109/malaria/WillH_1/output/8/3/c/c/592709/1_bam_merge_v2/pe.1.bam
/lustre/scratch109/malaria/WillH_1/output/1/1/8/6/592711/1_bam_merge_v2/pe.1.bam
/lustre/scratch109/malaria/WillH_1/output/a/1/e/7/592712/1_bam_merge_v2/pe.1.bam
/lustre/scratch109/malaria/WillH_1/output/9/0/c/3/592714/1_bam_merge_v2/pe.1.bam
/lustre/scratch109/malaria/WillH_1/output/5/a/4/d/592713/1_bam_merge_v2/pe.1.bam
/lustre/scratch109/malaria/WillH_1/output/2/c/6/b/592716/1_bam_merge_v2/pe.1.bam
/lustre/scratch109/malaria/WillH_1/output/c/7/f/3/592717/1_bam_merge_v2/pe.1.bam
/lustre/scratch109/malaria/WillH_1/output/5/f/7/9/592715/1_bam_merge_v2/pe.1.bam
/lustre/scratch109/malaria/WillH_1/output/7/c/6/9/592718/1_bam_merge_v2/pe.1.bam
/lustre/scratch109/malaria/WillH_1/output/1/0/a/4/592720/1_bam_merge_v2/pe.1.bam
/lustre/scratch109/malaria/WillH_1/output/6/4/2/9/592721/1_bam_merge_v2/pe.1.bam
/lustre/scratch109/malaria/WillH_1/output/6/8/f/5/592719/1_bam_merge_v2/pe.1.bam
/lustre/scratch109/malaria/WillH_1/output/3/f/6/f/592722/1_bam_merge_v2/pe.1.bam
/lustre/scratch109/malaria/WillH_1/output/8/7/a/c/592723/1_bam_merge_v2/pe.1.bam
/lustre/scratch109/malaria/WillH_1/output/9/b/e/a/592724/1_bam_merge_v2/pe.1.bam
/lustre/scratch109/malaria/WillH_1/output/7/e/3/f/592725/1_bam_merge_v2/pe.1.bam
/lustre/scratch109/malaria/WillH_1/output/2/e/a/a/592726/1_bam_merge_v2/pe.1.bam
/lustre/scratch109/malaria/WillH_1/output/5/f/8/a/592728/1_bam_merge_v2/pe.1.bam
/lustre/scratch109/malaria/WillH_1/output/6/a/0/8/592727/1_bam_merge_v2/pe.1.bam
/lustre/scratch109/malaria/WillH_1/output/6/6/e/4/592729/1_bam_merge_v2/pe.1.bam
/lustre/scratch109/malaria/WillH_1/output/5/9/f/9/592730/1_bam_merge_v2/pe.1.bam
/lustre/scratch109/malaria/WillH_1/output/f/d/4/5/592731/1_bam_merge_v2/pe.1.bam
/lustre/scratch109/malaria/WillH_1/output/0/6/0/7/592732/1_bam_merge_v2/pe.1.bam
/lustre/scratch109/malaria/WillH_1/output/7/9/c/2/592733/1_bam_merge_v2/pe.1.bam
/lustre/scratch109/malaria/WillH_1/output/8/e/0/1/592734/1_bam_merge_v2/pe.1.bam
/lustre/scratch109/malaria/WillH_1/output/9/e/d/5/592736/1_bam_merge_v2/pe.1.bam
/lustre/scratch109/malaria/WillH_1/output/b/0/e/6/592735/1_bam_merge_v2/pe.1.bam
/lustre/scratch109/malaria/WillH_1/output/1/8/1/c/592737/1_bam_merge_v2/pe.1.bam
/lustre/scratch109/malaria/WillH_1/output/0/0/e/4/592738/1_bam_merge_v2/pe.1.bam
/lustre/scratch109/malaria/WillH_1/output/2/4/9/5/592739/1_bam_merge_v2/pe.1.bam
/lustre/scratch109/malaria/WillH_1/output/f/3/e/c/592740/1_bam_merge_v2/pe.1.bam
/lustre/scratch109/malaria/WillH_1/output/1/4/f/4/592742/1_bam_merge_v2/pe.1.bam
/lustre/scratch109/malaria/WillH_1/output/e/f/1/5/592741/1_bam_merge_v2/pe.1.bam
/lustre/scratch109/malaria/WillH_1/output/5/f/6/0/592744/1_bam_merge_v2/pe.1.bam
/lustre/scratch109/malaria/WillH_1/output/b/0/4/6/592745/1_bam_merge_v2/pe.1.bam
/lustre/scratch109/malaria/WillH_1/output/1/f/8/1/592743/1_bam_merge_v2/pe.1.bam
/lustre/scratch109/malaria/WillH_1/output/f/2/0/d/592747/1_bam_merge_v2/pe.1.bam
/lustre/scratch109/malaria/WillH_1/output/3/1/0/a/592746/1_bam_merge_v2/pe.1.bam
/lustre/scratch109/malaria/WillH_1/output/d/2/3/1/592748/1_bam_merge_v2/pe.1.bam
/lustre/scratch109/malaria/WillH_1/output/d/e/8/c/592749/1_bam_merge_v2/pe.1.bam
/lustre/scratch109/malaria/WillH_1/output/e/8/4/c/592750/1_bam_merge_v2/pe.1.bam
/lustre/scratch109/malaria/WillH_1/output/4/7/2/7/592751/1_bam_merge_v2/pe.1.bam
/lustre/scratch109/malaria/WillH_1/output/0/1/e/b/592753/1_bam_merge_v2/pe.1.bam
/lustre/scratch109/malaria/WillH_1/output/0/b/9/c/592754/1_bam_merge_v2/pe.1.bam
/lustre/scratch109/malaria/WillH_1/output/2/1/9/1/592752/1_bam_merge_v2/pe.1.bam
/lustre/scratch109/malaria/WillH_1/output/7/3/0/f/592755/1_bam_merge_v2/pe.1.bam
/lustre/scratch109/malaria/WillH_1/output/4/c/6/5/592757/1_bam_merge_v2/pe.1.bam
/lustre/scratch109/malaria/WillH_1/output/4/9/8/1/592756/1_bam_merge_v2/pe.1.bam
/lustre/scratch109/malaria/WillH_1/output/c/b/3/2/592759/1_bam_merge_v2/pe.1.bam
/lustre/scratch109/malaria/WillH_1/output/2/3/c/f/592758/1_bam_merge_v2/pe.1.bam
/lustre/scratch109/malaria/WillH_1/output/2/9/7/7/592760/1_bam_merge_v2/pe.1.bam
/lustre/scratch109/malaria/WillH_1/output/f/2/c/1/592762/1_bam_merge_v2/pe.1.bam
/lustre/scratch109/malaria/WillH_1/output/d/4/1/0/592763/1_bam_merge_v2/pe.1.bam
/lustre/scratch109/malaria/WillH_1/output/9/9/b/4/592764/1_bam_merge_v2/pe.1.bam
/lustre/scratch109/malaria/WillH_1/output/c/9/e/3/592761/1_bam_merge_v2/pe.1.bam
/lustre/scratch109/malaria/WillH_1/output/6/c/6/0/592765/1_bam_merge_v2/pe.1.bam
/lustre/scratch109/malaria/WillH_1/output/0/0/d/a/592767/1_bam_merge_v2/pe.1.bam
/lustre/scratch109/malaria/WillH_1/output/b/d/3/f/592766/1_bam_merge_v2/pe.1.bam
/lustre/scratch109/malaria/WillH_1/output/c/f/6/1/592768/1_bam_merge_v2/pe.1.bam
/lustre/scratch109/malaria/WillH_1/output/6/6/e/5/592770/1_bam_merge_v2/pe.1.bam
/lustre/scratch109/malaria/WillH_1/output/b/8/e/5/592769/1_bam_merge_v2/pe.1.bam
/lustre/scratch109/malaria/WillH_1/output/d/d/3/e/592772/1_bam_merge_v2/pe.1.bam
/lustre/scratch109/malaria/WillH_1/output/8/a/f/4/592773/1_bam_merge_v2/pe.1.bam
/lustre/scratch109/malaria/WillH_1/output/8/6/e/a/592774/1_bam_merge_v2/pe.1.bam
/lustre/scratch109/malaria/WillH_1/output/c/d/f/a/592771/1_bam_merge_v2/pe.1.bam
/lustre/scratch109/malaria/WillH_1/output/8/b/5/2/592776/1_bam_merge_v2/pe.1.bam
/lustre/scratch109/malaria/WillH_1/output/f/a/5/8/592775/1_bam_merge_v2/pe.1.bam
/lustre/scratch109/malaria/WillH_1/output/f/7/f/4/592778/1_bam_merge_v2/pe.1.bam
/lustre/scratch109/malaria/WillH_1/output/1/1/7/5/592779/1_bam_merge_v2/pe.1.bam
/lustre/scratch109/malaria/WillH_1/output/d/8/e/9/592780/1_bam_merge_v2/pe.1.bam
/lustre/scratch109/malaria/WillH_1/output/4/7/5/0/592781/1_bam_merge_v2/pe.1.bam
/lustre/scratch109/malaria/WillH_1/output/e/e/9/e/592777/1_bam_merge_v2/pe.1.bam
/lustre/scratch109/malaria/WillH_1/output/c/c/e/2/592782/1_bam_merge_v2/pe.1.bam
/lustre/scratch109/malaria/WillH_1/output/9/3/e/e/592783/1_bam_merge_v2/pe.1.bam
/lustre/scratch109/malaria/WillH_1/output/3/1/3/2/592784/1_bam_merge_v2/pe.1.bam
/lustre/scratch109/malaria/WillH_1/output/1/e/a/0/592785/1_bam_merge_v2/pe.1.bam
/lustre/scratch109/malaria/WillH_1/output/6/3/c/3/592787/1_bam_merge_v2/pe.1.bam
/lustre/scratch109/malaria/WillH_1/output/e/4/d/d/592786/1_bam_merge_v2/pe.1.bam
/lustre/scratch109/malaria/WillH_1/output/1/2/3/4/592789/1_bam_merge_v2/pe.1.bam
/lustre/scratch109/malaria/WillH_1/output/4/4/e/d/592790/1_bam_merge_v2/pe.1.bam
/lustre/scratch109/malaria/WillH_1/output/e/2/0/9/592788/1_bam_merge_v2/pe.1.bam
/lustre/scratch109/malaria/WillH_1/output/7/b/4/f/592791/1_bam_merge_v2/pe.1.bam
/lustre/scratch109/malaria/WillH_1/output/2/e/3/d/592792/1_bam_merge_v2/pe.1.bam
/lustre/scratch109/malaria/WillH_1/output/b/1/8/3/592793/1_bam_merge_v2/pe.1.bam
/lustre/scratch109/malaria/WillH_1/output/b/2/4/3/592794/1_bam_merge_v2/pe.1.bam
/lustre/scratch109/malaria/WillH_1/output/e/e/1/3/592795/1_bam_merge_v2/pe.1.bam
/lustre/scratch109/malaria/WillH_1/output/3/a/5/b/592796/1_bam_merge_v2/pe.1.bam
/lustre/scratch109/malaria/WillH_1/output/d/8/6/b/592797/1_bam_merge_v2/pe.1.bam
/lustre/scratch109/malaria/WillH_1/output/8/f/e/3/592798/1_bam_merge_v2/pe.1.bam
/lustre/scratch109/malaria/WillH_1/output/d/3/6/5/592800/1_bam_merge_v2/pe.1.bam
/lustre/scratch109/malaria/WillH_1/output/3/2/9/6/592799/1_bam_merge_v2/pe.1.bam
/lustre/scratch109/malaria/WillH_1/output/3/7/7/3/592802/1_bam_merge_v2/pe.1.bam
/lustre/scratch109/malaria/WillH_1/output/c/b/e/b/592801/1_bam_merge_v2/pe.1.bam
/lustre/scratch109/malaria/WillH_1/output/b/e/b/7/592803/1_bam_merge_v2/pe.1.bam
/lustre/scratch109/malaria/WillH_1/output/d/2/4/1/592804/1_bam_merge_v2/pe.1.bam
/lustre/scratch109/malaria/WillH_1/output/e/b/d/1/592805/1_bam_merge_v2/pe.1.bam
/lustre/scratch109/malaria/WillH_1/output/3/f/7/5/592806/1_bam_merge_v2/pe.1.bam
/lustre/scratch109/malaria/WillH_1/output/1/8/d/f/592807/1_bam_merge_v2/pe.1.bam
/lustre/scratch109/malaria/WillH_1/output/e/8/f/8/592808/1_bam_merge_v2/pe.1.bam
/lustre/scratch109/malaria/WillH_1/output/5/5/e/d/592810/1_bam_merge_v2/pe.1.bam
/lustre/scratch109/malaria/WillH_1/output/2/e/6/7/592811/1_bam_merge_v2/pe.1.bam
/lustre/scratch109/malaria/WillH_1/output/d/e/d/c/592809/1_bam_merge_v2/pe.1.bam
/lustre/scratch109/malaria/WillH_1/output/5/a/5/0/592812/1_bam_merge_v2/pe.1.bam
/lustre/scratch109/malaria/WillH_1/output/b/8/f/8/592813/1_bam_merge_v2/pe.1.bam
/lustre/scratch109/malaria/WillH_1/output/b/b/d/7/592814/1_bam_merge_v2/pe.1.bam
/lustre/scratch109/malaria/WillH_1/output/7/7/a/f/592815/1_bam_merge_v2/pe.1.bam
/lustre/scratch109/malaria/WillH_1/output/9/8/3/5/592816/1_bam_merge_v2/pe.1.bam
/lustre/scratch109/malaria/WillH_1/output/f/b/6/8/592817/1_bam_merge_v2/pe.1.bam
/lustre/scratch109/malaria/WillH_1/output/b/5/1/e/592819/1_bam_merge_v2/pe.1.bam
/lustre/scratch109/malaria/WillH_1/output/b/c/3/a/592818/1_bam_merge_v2/pe.1.bam
/lustre/scratch109/malaria/WillH_1/output/7/c/b/0/592820/1_bam_merge_v2/pe.1.bam
/lustre/scratch109/malaria/WillH_1/output/1/0/a/1/592822/1_bam_merge_v2/pe.1.bam
/lustre/scratch109/malaria/WillH_1/output/a/1/c/e/592821/1_bam_merge_v2/pe.1.bam
/lustre/scratch109/malaria/WillH_1/output/e/4/7/2/592823/1_bam_merge_v2/pe.1.bam
/lustre/scratch109/malaria/WillH_1/output/7/a/f/c/592824/1_bam_merge_v2/pe.1.bam
/lustre/scratch109/malaria/WillH_1/output/f/f/a/c/592826/1_bam_merge_v2/pe.1.bam
/lustre/scratch109/malaria/WillH_1/output/b/6/1/a/592825/1_bam_merge_v2/pe.1.bam
/lustre/scratch109/malaria/WillH_1/output/b/1/f/1/592827/1_bam_merge_v2/pe.1.bam
/lustre/scratch109/malaria/WillH_1/output/e/b/b/6/592828/1_bam_merge_v2/pe.1.bam
/lustre/scratch109/malaria/WillH_1/output/4/3/7/e/592829/1_bam_merge_v2/pe.1.bam
/lustre/scratch109/malaria/WillH_1/output/7/b/4/8/592830/1_bam_merge_v2/pe.1.bam
/lustre/scratch109/malaria/WillH_1/output/0/9/c/e/592831/1_bam_merge_v2/pe.1.bam
/lustre/scratch109/malaria/WillH_1/output/1/0/a/9/592833/1_bam_merge_v2/pe.1.bam
/lustre/scratch109/malaria/WillH_1/output/d/b/1/e/592832/1_bam_merge_v2/pe.1.bam
/lustre/scratch109/malaria/WillH_1/output/b/1/1/2/592834/1_bam_merge_v2/pe.1.bam
/lustre/scratch109/malaria/WillH_1/output/4/c/f/8/592836/1_bam_merge_v2/pe.1.bam
/lustre/scratch109/malaria/WillH_1/output/0/4/6/a/592837/1_bam_merge_v2/pe.1.bam
/lustre/scratch109/malaria/WillH_1/output/f/e/0/0/592835/1_bam_merge_v2/pe.1.bam
/lustre/scratch109/malaria/WillH_1/output/7/9/8/9/592838/1_bam_merge_v2/pe.1.bam
/lustre/scratch109/malaria/WillH_1/output/f/e/0/7/592839/1_bam_merge_v2/pe.1.bam
/lustre/scratch109/malaria/WillH_1/output/f/b/4/4/592840/1_bam_merge_v2/pe.1.bam
/lustre/scratch109/malaria/WillH_1/output/3/0/f/b/592841/1_bam_merge_v2/pe.1.bam
/lustre/scratch109/malaria/WillH_1/output/9/2/f/5/592842/1_bam_merge_v2/pe.1.bam
/lustre/scratch109/malaria/WillH_1/output/7/9/6/f/592843/1_bam_merge_v2/pe.1.bam
/lustre/scratch109/malaria/WillH_1/output/0/7/e/4/592845/1_bam_merge_v2/pe.1.bam
/lustre/scratch109/malaria/WillH_1/output/d/e/0/7/592844/1_bam_merge_v2/pe.1.bam
/lustre/scratch109/malaria/WillH_1/output/a/a/9/6/592846/1_bam_merge_v2/pe.1.bam
/lustre/scratch109/malaria/WillH_1/output/e/3/9/7/592847/1_bam_merge_v2/pe.1.bam
/lustre/scratch109/malaria/WillH_1/output/1/a/1/7/592849/1_bam_merge_v2/pe.1.bam
/lustre/scratch109/malaria/WillH_1/output/6/e/6/f/592848/1_bam_merge_v2/pe.1.bam
/lustre/scratch109/malaria/WillH_1/output/3/4/5/a/592850/1_bam_merge_v2/pe.1.bam
/lustre/scratch109/malaria/WillH_1/output/6/2/a/d/592851/1_bam_merge_v2/pe.1.bam
/lustre/scratch109/malaria/WillH_1/output/8/5/5/d/592852/1_bam_merge_v2/pe.1.bam
/lustre/scratch109/malaria/WillH_1/output/9/9/e/0/592854/1_bam_merge_v2/pe.1.bam
/lustre/scratch109/malaria/WillH_1/output/8/c/b/5/592853/1_bam_merge_v2/pe.1.bam
/lustre/scratch109/malaria/WillH_1/output/8/a/a/5/592856/1_bam_merge_v2/pe.1.bam
/lustre/scratch109/malaria/WillH_1/output/0/2/6/1/592855/1_bam_merge_v2/pe.1.bam
/lustre/scratch109/malaria/WillH_1/output/8/b/f/6/592858/1_bam_merge_v2/pe.1.bam
/lustre/scratch109/malaria/WillH_1/output/4/4/2/5/592857/1_bam_merge_v2/pe.1.bam
/lustre/scratch109/malaria/WillH_1/output/3/d/4/d/592859/1_bam_merge_v2/pe.1.bam
/lustre/scratch109/malaria/WillH_1/output/b/5/e/7/592861/1_bam_merge_v2/pe.1.bam
/lustre/scratch109/malaria/WillH_1/output/b/5/7/5/592860/1_bam_merge_v2/pe.1.bam
/lustre/scratch109/malaria/WillH_1/output/0/8/4/e/592862/1_bam_merge_v2/pe.1.bam
/lustre/scratch109/malaria/WillH_1/output/9/8/0/9/592863/1_bam_merge_v2/pe.1.bam
/lustre/scratch109/malaria/WillH_1/output/c/6/4/8/592864/1_bam_merge_v2/pe.1.bam
/lustre/scratch109/malaria/WillH_1/output/3/6/0/4/592865/1_bam_merge_v2/pe.1.bam
/lustre/scratch109/malaria/WillH_1/output/0/0/e/4/592866/1_bam_merge_v2/pe.1.bam
/lustre/scratch109/malaria/WillH_1/output/6/c/5/3/592867/1_bam_merge_v2/pe.1.bam
/lustre/scratch109/malaria/WillH_1/output/d/9/d/5/592868/1_bam_merge_v2/pe.1.bam
/lustre/scratch109/malaria/WillH_1/output/9/5/a/f/592869/1_bam_merge_v2/pe.1.bam
/lustre/scratch109/malaria/WillH_1/output/3/2/c/b/592871/1_bam_merge_v2/pe.1.bam
/lustre/scratch109/malaria/WillH_1/output/f/c/f/a/592870/1_bam_merge_v2/pe.1.bam
/lustre/scratch109/malaria/WillH_1/output/0/0/2/4/592872/1_bam_merge_v2/pe.1.bam
/lustre/scratch109/malaria/WillH_1/output/d/d/d/4/592873/1_bam_merge_v2/pe.1.bam
/lustre/scratch109/malaria/WillH_1/output/7/d/0/4/592875/1_bam_merge_v2/pe.1.bam
/lustre/scratch109/malaria/WillH_1/output/3/a/1/c/592876/1_bam_merge_v2/pe.1.bam
/lustre/scratch109/malaria/WillH_1/output/2/8/d/6/592877/1_bam_merge_v2/pe.1.bam
/lustre/scratch109/malaria/WillH_1/output/4/1/a/e/592874/1_bam_merge_v2/pe.1.bam
/lustre/scratch109/malaria/WillH_1/output/4/3/d/7/592878/1_bam_merge_v2/pe.1.bam
/lustre/scratch109/malaria/WillH_1/output/6/f/9/f/592879/1_bam_merge_v2/pe.1.bam
/lustre/scratch109/malaria/WillH_1/output/0/0/4/9/592880/1_bam_merge_v2/pe.1.bam
/lustre/scratch109/malaria/WillH_1/output/e/7/e/5/592881/1_bam_merge_v2/pe.1.bam
/lustre/scratch109/malaria/WillH_1/output/1/d/2/a/592882/1_bam_merge_v2/pe.1.bam
/lustre/scratch109/malaria/WillH_1/output/5/a/a/6/592883/1_bam_merge_v2/pe.1.bam
/lustre/scratch109/malaria/WillH_1/output/e/3/1/5/592884/1_bam_merge_v2/pe.1.bam
/lustre/scratch109/malaria/WillH_1/output/0/c/9/3/592885/1_bam_merge_v2/pe.1.bam
/lustre/scratch109/malaria/WillH_1/output/3/3/6/9/592887/1_bam_merge_v2/pe.1.bam
/lustre/scratch109/malaria/WillH_1/output/1/9/5/8/592886/1_bam_merge_v2/pe.1.bam
/lustre/scratch109/malaria/WillH_1/output/f/4/6/f/592888/1_bam_merge_v2/pe.1.bam
/lustre/scratch109/malaria/WillH_1/output/5/9/5/d/592890/1_bam_merge_v2/pe.1.bam
/lustre/scratch109/malaria/WillH_1/output/1/8/5/3/592889/1_bam_merge_v2/pe.1.bam
/lustre/scratch109/malaria/WillH_1/output/4/a/7/b/592891/1_bam_merge_v2/pe.1.bam
/lustre/scratch109/malaria/WillH_1/output/f/d/d/0/592893/1_bam_merge_v2/pe.1.bam
/lustre/scratch109/malaria/WillH_1/output/e/5/8/4/592894/1_bam_merge_v2/pe.1.bam
/lustre/scratch109/malaria/WillH_1/output/f/3/c/a/592892/1_bam_merge_v2/pe.1.bam
/lustre/scratch109/malaria/WillH_1/output/c/6/8/2/592895/1_bam_merge_v2/pe.1.bam
/lustre/scratch109/malaria/WillH_1/output/6/4/8/5/592896/1_bam_merge_v2/pe.1.bam
/lustre/scratch109/malaria/WillH_1/output/e/2/3/7/592897/1_bam_merge_v2/pe.1.bam
/lustre/scratch109/malaria/WillH_1/output/1/3/3/0/592898/1_bam_merge_v2/pe.1.bam
/lustre/scratch109/malaria/WillH_1/output/4/f/9/8/592899/1_bam_merge_v2/pe.1.bam
/lustre/scratch109/malaria/WillH_1/output/d/0/d/e/592900/1_bam_merge_v2/pe.1.bam
/lustre/scratch109/malaria/WillH_1/output/d/e/f/6/592902/1_bam_merge_v2/pe.1.bam
/lustre/scratch109/malaria/WillH_1/output/a/b/8/b/592901/1_bam_merge_v2/pe.1.bam
/lustre/scratch109/malaria/WillH_1/output/5/c/b/a/592904/1_bam_merge_v2/pe.1.bam
/lustre/scratch109/malaria/WillH_1/output/0/b/2/f/592903/1_bam_merge_v2/pe.1.bam
/lustre/scratch109/malaria/WillH_1/output/9/4/0/f/592905/1_bam_merge_v2/pe.1.bam
/lustre/scratch109/malaria/WillH_1/output/0/4/6/4/592906/1_bam_merge_v2/pe.1.bam
/lustre/scratch109/malaria/WillH_1/output/a/3/1/8/592907/1_bam_merge_v2/pe.1.bam
/lustre/scratch109/malaria/WillH_1/output/2/d/6/4/592908/1_bam_merge_v2/pe.1.bam
/lustre/scratch109/malaria/WillH_1/output/b/1/e/8/592910/1_bam_merge_v2/pe.1.bam
/lustre/scratch109/malaria/WillH_1/output/2/7/6/4/592909/1_bam_merge_v2/pe.1.bam
/lustre/scratch109/malaria/WillH_1/output/9/7/5/8/592911/1_bam_merge_v2/pe.1.bam
/lustre/scratch109/malaria/WillH_1/output/c/a/6/f/592912/1_bam_merge_v2/pe.1.bam
/lustre/scratch109/malaria/WillH_1/output/4/9/7/1/592913/1_bam_merge_v2/pe.1.bam
/lustre/scratch109/malaria/WillH_1/output/5/a/e/e/592915/1_bam_merge_v2/pe.1.bam
/lustre/scratch109/malaria/WillH_1/output/e/5/3/a/592914/1_bam_merge_v2/pe.1.bam
/lustre/scratch109/malaria/WillH_1/output/6/2/b/5/592916/1_bam_merge_v2/pe.1.bam
/lustre/scratch109/malaria/WillH_1/output/2/9/c/4/592918/1_bam_merge_v2/pe.1.bam
/lustre/scratch109/malaria/WillH_1/output/6/9/4/d/592917/1_bam_merge_v2/pe.1.bam
/lustre/scratch109/malaria/WillH_1/output/7/d/3/6/592920/1_bam_merge_v2/pe.1.bam
/lustre/scratch109/malaria/WillH_1/output/3/8/7/f/592921/1_bam_merge_v2/pe.1.bam
/lustre/scratch109/malaria/WillH_1/output/7/4/9/3/592919/1_bam_merge_v2/pe.1.bam
/lustre/scratch109/malaria/WillH_1/output/9/e/5/2/592922/1_bam_merge_v2/pe.1.bam
/lustre/scratch109/malaria/WillH_1/output/d/7/0/4/592923/1_bam_merge_v2/pe.1.bam
/lustre/scratch109/malaria/WillH_1/output/b/8/2/3/592924/1_bam_merge_v2/pe.1.bam
/lustre/scratch109/malaria/WillH_1/output/8/7/1/f/592926/1_bam_merge_v2/pe.1.bam
/lustre/scratch109/malaria/WillH_1/output/1/c/d/9/592925/1_bam_merge_v2/pe.1.bam
/lustre/scratch109/malaria/WillH_1/output/3/7/1/7/592928/1_bam_merge_v2/pe.1.bam
/lustre/scratch109/malaria/WillH_1/output/1/5/2/a/592929/1_bam_merge_v2/pe.1.bam
/lustre/scratch109/malaria/WillH_1/output/8/b/7/d/592930/1_bam_merge_v2/pe.1.bam
/lustre/scratch109/malaria/WillH_1/output/4/8/9/9/592927/1_bam_merge_v2/pe.1.bam
/lustre/scratch109/malaria/WillH_1/output/9/b/a/7/592931/1_bam_merge_v2/pe.1.bam
/lustre/scratch109/malaria/WillH_1/output/0/d/8/d/592932/1_bam_merge_v2/pe.1.bam
/lustre/scratch109/malaria/WillH_1/output/5/9/f/b/592933/1_bam_merge_v2/pe.1.bam
/lustre/scratch109/malaria/WillH_1/output/1/1/8/5/592934/1_bam_merge_v2/pe.1.bam
/lustre/scratch109/malaria/WillH_1/output/b/d/b/4/592936/1_bam_merge_v2/pe.1.bam
/lustre/scratch109/malaria/WillH_1/output/7/9/c/e/592935/1_bam_merge_v2/pe.1.bam
/lustre/scratch109/malaria/WillH_1/output/0/0/3/5/592937/1_bam_merge_v2/pe.1.bam
/lustre/scratch109/malaria/WillH_1/output/e/8/e/3/592938/1_bam_merge_v2/pe.1.bam
/lustre/scratch109/malaria/WillH_1/output/c/a/4/a/592939/1_bam_merge_v2/pe.1.bam
/lustre/scratch109/malaria/WillH_1/output/e/a/c/b/592941/1_bam_merge_v2/pe.1.bam
/lustre/scratch109/malaria/WillH_1/output/0/0/0/e/592940/1_bam_merge_v2/pe.1.bam
/lustre/scratch109/malaria/WillH_1/output/a/b/3/0/592943/1_bam_merge_v2/pe.1.bam
/lustre/scratch109/malaria/WillH_1/output/1/2/4/4/592942/1_bam_merge_v2/pe.1.bam
/lustre/scratch109/malaria/WillH_1/output/7/c/8/c/592945/1_bam_merge_v2/pe.1.bam
/lustre/scratch109/malaria/WillH_1/output/a/a/8/8/592944/1_bam_merge_v2/pe.1.bam
/lustre/scratch109/malaria/WillH_1/output/a/1/b/1/592946/1_bam_merge_v2/pe.1.bam
/lustre/scratch109/malaria/WillH_1/output/e/7/4/c/592947/1_bam_merge_v2/pe.1.bam
/lustre/scratch109/malaria/WillH_1/output/d/5/e/5/592949/1_bam_merge_v2/pe.1.bam
/lustre/scratch109/malaria/WillH_1/output/c/b/f/3/592948/1_bam_merge_v2/pe.1.bam
/lustre/scratch109/malaria/WillH_1/output/5/5/f/c/592950/1_bam_merge_v2/pe.1.bam
/lustre/scratch109/malaria/WillH_1/output/3/8/3/2/592951/1_bam_merge_v2/pe.1.bam
/lustre/scratch109/malaria/WillH_1/output/4/1/1/c/592952/1_bam_merge_v2/pe.1.bam
/lustre/scratch109/malaria/WillH_1/output/a/c/6/f/592953/1_bam_merge_v2/pe.1.bam
/lustre/scratch109/malaria/WillH_1/output/8/6/2/8/592954/1_bam_merge_v2/pe.1.bam
/lustre/scratch109/malaria/WillH_1/output/d/3/5/9/592956/1_bam_merge_v2/pe.1.bam
/lustre/scratch109/malaria/WillH_1/output/0/1/2/a/592957/1_bam_merge_v2/pe.1.bam
/lustre/scratch109/malaria/WillH_1/output/f/2/e/8/592955/1_bam_merge_v2/pe.1.bam
/lustre/scratch109/malaria/WillH_1/output/9/b/9/e/592958/1_bam_merge_v2/pe.1.bam
/lustre/scratch109/malaria/WillH_1/output/d/c/1/3/592959/1_bam_merge_v2/pe.1.bam
/lustre/scratch109/malaria/WillH_1/output/7/d/7/6/592961/1_bam_merge_v2/pe.1.bam
/lustre/scratch109/malaria/WillH_1/output/4/7/5/c/592960/1_bam_merge_v2/pe.1.bam
/lustre/scratch109/malaria/WillH_1/output/4/a/e/c/592962/1_bam_merge_v2/pe.1.bam
/lustre/scratch109/malaria/WillH_1/output/b/0/7/1/592963/1_bam_merge_v2/pe.1.bam
/lustre/scratch109/malaria/WillH_1/output/f/c/b/a/592964/1_bam_merge_v2/pe.1.bam
/lustre/scratch109/malaria/WillH_1/output/0/5/4/7/592965/1_bam_merge_v2/pe.1.bam
/lustre/scratch109/malaria/WillH_1/output/e/e/d/f/592967/1_bam_merge_v2/pe.1.bam
/lustre/scratch109/malaria/WillH_1/output/2/a/5/1/592966/1_bam_merge_v2/pe.1.bam
/lustre/scratch109/malaria/WillH_1/output/a/0/b/7/592969/1_bam_merge_v2/pe.1.bam
/lustre/scratch109/malaria/WillH_1/output/4/7/4/4/592968/1_bam_merge_v2/pe.1.bam
/lustre/scratch109/malaria/WillH_1/output/8/c/f/9/592970/1_bam_merge_v2/pe.1.bam
/lustre/scratch109/malaria/WillH_1/output/3/7/d/3/592972/1_bam_merge_v2/pe.1.bam
/lustre/scratch109/malaria/WillH_1/output/1/7/6/4/592971/1_bam_merge_v2/pe.1.bam
/lustre/scratch109/malaria/WillH_1/output/2/9/5/6/592974/1_bam_merge_v2/pe.1.bam
/lustre/scratch109/malaria/WillH_1/output/9/7/e/c/592973/1_bam_merge_v2/pe.1.bam
/lustre/scratch109/malaria/WillH_1/output/a/c/7/4/592975/1_bam_merge_v2/pe.1.bam
/lustre/scratch109/malaria/WillH_1/output/0/b/c/5/592976/1_bam_merge_v2/pe.1.bam
/lustre/scratch109/malaria/WillH_1/output/c/0/0/0/592977/1_bam_merge_v2/pe.1.bam
/lustre/scratch109/malaria/WillH_1/output/6/b/d/a/592978/1_bam_merge_v2/pe.1.bam
/lustre/scratch109/malaria/WillH_1/output/7/8/e/a/592979/1_bam_merge_v2/pe.1.bam
/lustre/scratch109/malaria/WillH_1/output/9/8/4/2/592980/1_bam_merge_v2/pe.1.bam
/lustre/scratch109/malaria/WillH_1/output/f/c/1/9/592981/1_bam_merge_v2/pe.1.bam
/lustre/scratch109/malaria/WillH_1/output/d/0/1/9/592982/1_bam_merge_v2/pe.1.bam
/lustre/scratch109/malaria/WillH_1/output/0/5/0/d/592983/1_bam_merge_v2/pe.1.bam
/lustre/scratch109/malaria/WillH_1/output/e/7/b/2/592984/1_bam_merge_v2/pe.1.bam
